<?xml version="1.0" encoding="UTF-8"?>
<testsuite name="edu.coursera.distributed.MpiJavaTest" time="0.881" tests="1" errors="1" skipped="0" failures="0">
  <properties>
[...]
</properties>
  <testcase name="edu.coursera.distributed.MpiJavaTest" classname="edu.coursera.distributed.MpiJavaTest$1" time="0.881">
    <error message="Unable to load library &apos;mpi&apos;: Native library (linux-x86-64/libmpi.so) not found in resource path ([file:/home/mamun/Computer%20Science/Coursera%20Java%20Multithreading/3.Distributed%20Programming/miniproject_3/target/surefire/surefirebooter2877921099027549989.jar])" type="java.lang.UnsatisfiedLinkError"><![CDATA[java.lang.UnsatisfiedLinkError: Unable to load library 'mpi': Native library (linux-x86-64/libmpi.so) not found in resource path ([file:/home/mamun/Computer%20Science/Coursera%20Java%20Multithreading/3.Distributed%20Programming/miniproject_3/target/surefire/surefirebooter2877921099027549989.jar])
	at com.sun.jna.NativeLibrary.loadLibrary(NativeLibrary.java:277)
	at com.sun.jna.NativeLibrary.getInstance(NativeLibrary.java:403)
	at com.sun.jna.Library$Handler.<init>(Library.java:147)
	at com.sun.jna.Native.loadLibrary(Native.java:502)
	at com.sun.jna.Native.loadLibrary(Native.java:481)
	at edu.coursera.distributed.util.MPI$MPILib.<clinit>(MPI.java:20)
	at edu.coursera.distributed.util.MPI.<init>(MPI.java:77)
	at edu.coursera.distributed.MpiJavaTest$1.setUp(MpiJavaTest.java:66)
]]></error>
  </testcase>
</testsuite>